app/build/outputs/logs/manifest-merger-debug-report.txt
-- Merging decision tree log ---
manifest
ADDED from src\main\AndroidManifest.xml:2:1-237:12
	package
		ADDED from src\main\AndroidManifest.xml:3:5-28
		INJECTED from src\main\AndroidManifest.xml
		INJECTED from src\main\AndroidManifest.xml
	android:versionName
		ADDED from src\main\AndroidManifest.xml:5:5-32
		INJECTED from src\main\AndroidManifest.xml
		INJECTED from src\main\AndroidManifest.xml
	android:versionCode
		ADDED from src\main\AndroidManifest.xml:4:5-28
		INJECTED from src\main\AndroidManifest.xml
		INJECTED from src\main\AndroidManifest.xml
	xmlns:android
		ADDED from src\main\AndroidManifest.xml:2:11-69
uses-sdk
ADDED from src\main\AndroidManifest.xml:7:5-9:41
MERGED from [com.android.support:support-v4:23.4.0] AndroidManifest.xml:20:5-43
	android:targetSdkVersion
		ADDED from src\main\AndroidManifest.xml:9:9-38
		INJECTED from src\main\AndroidManifest.xml
		INJECTED from src\main\AndroidManifest.xml
	android:minSdkVersion
		ADDED from src\main\AndroidManifest.xml:8:9-35
		INJECTED from src\main\AndroidManifest.xml
		INJECTED from src\main\AndroidManifest.xml
uses-permission#android.permission.INTERNET
ADDED from src\main\AndroidManifest.xml:11:5-67
	android:name
		ADDED from src\main\AndroidManifest.xml:11:22-64
uses-permission#android.permission.WRITE_EXTERNAL_STORAGE
ADDED from src\main\AndroidManifest.xml:12:5-81
	android:name
		ADDED from src\main\AndroidManifest.xml:12:22-78
uses-permission#android.permission.ACCESS_COARSE_LOCATION
ADDED from src\main\AndroidManifest.xml:13:5-81
	android:name
		ADDED from src\main\AndroidManifest.xml:13:22-78
uses-permission#android.permission.ACCESS_NETWORK_STATE
ADDED from src\main\AndroidManifest.xml:14:5-79
	android:name
		ADDED from src\main\AndroidManifest.xml:14:22-76
uses-permission#android.permission.ACCESS_FINE_LOCATION
ADDED from src\main\AndroidManifest.xml:15:5-79
	android:name
		ADDED from src\main\AndroidManifest.xml:15:22-76
uses-permission#android.permission.READ_PHONE_STATE
ADDED from src\main\AndroidManifest.xml:16:5-75
	android:name
		ADDED from src\main\AndroidManifest.xml:16:22-72
uses-permission#android.permission.CHANGE_WIFI_STATE
ADDED from src\main\AndroidManifest.xml:17:5-76
	android:name
		ADDED from src\main\AndroidManifest.xml:17:22-73
uses-permission#android.permission.ACCESS_WIFI_STATE
ADDED from src\main\AndroidManifest.xml:18:5-76
	android:name
		ADDED from src\main\AndroidManifest.xml:18:22-73
uses-permission#android.permission.CHANGE_CONFIGURATION
ADDED from src\main\AndroidManifest.xml:19:5-79
	android:name
		ADDED from src\main\AndroidManifest.xml:19:22-76
uses-permission#android.permission.WAKE_LOCK
ADDED from src\main\AndroidManifest.xml:20:5-68
	android:name
		ADDED from src\main\AndroidManifest.xml:20:22-65
uses-permission#android.permission.WRITE_SETTINGS
ADDED from src\main\AndroidManifest.xml:21:5-73
	android:name
		ADDED from src\main\AndroidManifest.xml:21:22-70
application
ADDED from src\main\AndroidManifest.xml:23:5-235:19
MERGED from [com.android.support:support-v4:23.4.0] AndroidManifest.xml:22:5-20
	android:label
		ADDED from src\main\AndroidManifest.xml:27:9-41
	android:allowBackup
		ADDED from src\main\AndroidManifest.xml:25:9-35
	android:icon
		ADDED from src\main\AndroidManifest.xml:26:9-38
	android:theme
		ADDED from src\main\AndroidManifest.xml:28:9-40
	android:name
		ADDED from src\main\AndroidManifest.xml:24:9-64
meta-data#com.amap.api.v2.apikey
ADDED from src\main\AndroidManifest.xml:29:9-33:64
	android:value
		ADDED from src\main\AndroidManifest.xml:33:13-61
	android:name
		ADDED from src\main\AndroidManifest.xml:30:13-50
service#com.amap.api.location.APSService
ADDED from src\main\AndroidManifest.xml:37:9-38:19
	android:name
		ADDED from src\main\AndroidManifest.xml:37:18-65
activity#com.ings.gogo.activity.WelcomActivity
ADDED from src\main\AndroidManifest.xml:40:9-50:20
	android:screenOrientation
		ADDED from src\main\AndroidManifest.xml:44:13-49
	android:label
		ADDED from src\main\AndroidManifest.xml:42:13-45
	android:launchMode
		ADDED from src\main\AndroidManifest.xml:43:13-42
	android:name
		ADDED from src\main\AndroidManifest.xml:41:13-65
intent-filter#android.intent.action.MAIN+android.intent.category.LAUNCHER
ADDED from src\main\AndroidManifest.xml:45:13-49:29
action#android.intent.action.MAIN
ADDED from src\main\AndroidManifest.xml:46:17-69
	android:name
		ADDED from src\main\AndroidManifest.xml:46:25-66
category#android.intent.category.LAUNCHER
ADDED from src\main\AndroidManifest.xml:48:17-77
	android:name
		ADDED from src\main\AndroidManifest.xml:48:27-74
activity#com.ings.gogo.activity.MainPageActivity
ADDED from src\main\AndroidManifest.xml:51:9-55:20
	android:label
		ADDED from src\main\AndroidManifest.xml:53:13-45
	android:windowSoftInputMode
		ADDED from src\main\AndroidManifest.xml:54:13-67
	android:name
		ADDED from src\main\AndroidManifest.xml:52:13-67
activity#com.ings.gogo.activity.ShopCarActivity
ADDED from src\main\AndroidManifest.xml:56:9-59:20
	android:label
		ADDED from src\main\AndroidManifest.xml:58:13-45
	android:name
		ADDED from src\main\AndroidManifest.xml:57:13-66
activity#com.ings.gogo.activity.PersonalActivity
ADDED from src\main\AndroidManifest.xml:60:9-63:20
	android:label
		ADDED from src\main\AndroidManifest.xml:62:13-45
	android:name
		ADDED from src\main\AndroidManifest.xml:61:13-67
activity#com.ings.gogo.activity.SelectPlaceActivity
ADDED from src\main\AndroidManifest.xml:64:9-67:20
	android:label
		ADDED from src\main\AndroidManifest.xml:66:13-45
	android:name
		ADDED from src\main\AndroidManifest.xml:65:13-70
activity#com.ings.gogo.activity.DetailFastFoodsActivity
ADDED from src\main\AndroidManifest.xml:68:9-71:20
	android:label
		ADDED from src\main\AndroidManifest.xml:70:13-45
	android:name
		ADDED from src\main\AndroidManifest.xml:69:13-74
activity#com.ings.gogo.activity.FastFoodsActivity
ADDED from src\main\AndroidManifest.xml:72:9-75:20
	android:label
		ADDED from src\main\AndroidManifest.xml:74:13-45
	android:name
		ADDED from src\main\AndroidManifest.xml:73:13-68
activity#com.ings.gogo.activity.DetailTormorrowCleanFoodsActivity
ADDED from src\main\AndroidManifest.xml:76:9-79:20
	android:label
		ADDED from src\main\AndroidManifest.xml:78:13-45
	android:name
		ADDED from src\main\AndroidManifest.xml:77:13-84
activity#com.ings.gogo.activity.DetailTormorrowFastFoodsActivity
ADDED from src\main\AndroidManifest.xml:80:9-83:20
	android:label
		ADDED from src\main\AndroidManifest.xml:82:13-45
	android:name
		ADDED from src\main\AndroidManifest.xml:81:13-83
activity#com.ings.gogo.activity.TomorrowFastFoodsActivity
ADDED from src\main\AndroidManifest.xml:84:9-87:20
	android:label
		ADDED from src\main\AndroidManifest.xml:86:13-45
	android:name
		ADDED from src\main\AndroidManifest.xml:85:13-76
activity#com.ings.gogo.activity.CleanFoodsActivity
ADDED from src\main\AndroidManifest.xml:88:9-91:20
	android:label
		ADDED from src\main\AndroidManifest.xml:90:13-45
	android:name
		ADDED from src\main\AndroidManifest.xml:89:13-69
activity#com.ings.gogo.activity.TomorrowCleanFoodsActivity
ADDED from src\main\AndroidManifest.xml:92:9-95:20
	android:label
		ADDED from src\main\AndroidManifest.xml:94:13-45
	android:name
		ADDED from src\main\AndroidManifest.xml:93:13-77
activity#com.ings.gogo.activity.OtherMainPageActivity
ADDED from src\main\AndroidManifest.xml:96:9-100:20
	android:label
		ADDED from src\main\AndroidManifest.xml:98:13-45
	android:launchMode
		ADDED from src\main\AndroidManifest.xml:99:13-42
	android:name
		ADDED from src\main\AndroidManifest.xml:97:13-72
activity#com.ings.gogo.activity.DetailCleanFoodsActivity
ADDED from src\main\AndroidManifest.xml:101:9-104:20
	android:label
		ADDED from src\main\AndroidManifest.xml:103:13-45
	android:name
		ADDED from src\main\AndroidManifest.xml:102:13-75
activity#com.ings.gogo.activity.RegistGetIndentifyCodeActivity
ADDED from src\main\AndroidManifest.xml:105:9-108:20
	android:label
		ADDED from src\main\AndroidManifest.xml:107:13-45
	android:name
		ADDED from src\main\AndroidManifest.xml:106:13-81
activity#com.ings.gogo.activity.FindPwdInputTelNumActivity
ADDED from src\main\AndroidManifest.xml:109:9-112:20
	android:label
		ADDED from src\main\AndroidManifest.xml:111:13-45
	android:name
		ADDED from src\main\AndroidManifest.xml:110:13-77
activity#com.ings.gogo.activity.FindPwdGetIdentifyCodeActivity
ADDED from src\main\AndroidManifest.xml:113:9-116:20
	android:label
		ADDED from src\main\AndroidManifest.xml:115:13-45
	android:name
		ADDED from src\main\AndroidManifest.xml:114:13-81
activity#com.ings.gogo.activity.FindPwdInputNewPwdActivity
ADDED from src\main\AndroidManifest.xml:117:9-120:20
	android:label
		ADDED from src\main\AndroidManifest.xml:119:13-45
	android:name
		ADDED from src\main\AndroidManifest.xml:118:13-77
activity#com.ings.gogo.activity.FindPwdSuccessActivity
ADDED from src\main\AndroidManifest.xml:121:9-124:20
	android:label
		ADDED from src\main\AndroidManifest.xml:123:13-45
	android:name
		ADDED from src\main\AndroidManifest.xml:122:13-73
activity#com.ings.gogo.activity.LoginActivity
ADDED from src\main\AndroidManifest.xml:125:9-129:20
	android:label
		ADDED from src\main\AndroidManifest.xml:127:13-45
	android:windowSoftInputMode
		ADDED from src\main\AndroidManifest.xml:128:13-67
	android:name
		ADDED from src\main\AndroidManifest.xml:126:13-64
activity#com.ings.gogo.activity.RegistInputPwdActivity
ADDED from src\main\AndroidManifest.xml:130:9-133:20
	android:label
		ADDED from src\main\AndroidManifest.xml:132:13-45
	android:name
		ADDED from src\main\AndroidManifest.xml:131:13-73
activity#com.ings.gogo.activity.PlaceManageActivity
ADDED from src\main\AndroidManifest.xml:134:9-137:20
	android:label
		ADDED from src\main\AndroidManifest.xml:136:13-45
	android:name
		ADDED from src\main\AndroidManifest.xml:135:13-70
activity#com.ings.gogo.activity.AddPlaceActivity
ADDED from src\main\AndroidManifest.xml:138:9-141:20
	android:label
		ADDED from src\main\AndroidManifest.xml:140:13-45
	android:name
		ADDED from src\main\AndroidManifest.xml:139:13-67
activity#com.ings.gogo.activity.SelectByMapActivity
ADDED from src\main\AndroidManifest.xml:142:9-145:20
	android:label
		ADDED from src\main\AndroidManifest.xml:144:13-45
	android:name
		ADDED from src\main\AndroidManifest.xml:143:13-70
activity#com.ings.gogo.activity.MyOrderActivity
ADDED from src\main\AndroidManifest.xml:146:9-149:20
	android:label
		ADDED from src\main\AndroidManifest.xml:148:13-45
	android:name
		ADDED from src\main\AndroidManifest.xml:147:13-66
activity#com.ings.gogo.activity.SelectDeliverTimeActivity
ADDED from src\main\AndroidManifest.xml:150:9-154:20
	android:label
		ADDED from src\main\AndroidManifest.xml:152:13-45
	android:theme
		ADDED from src\main\AndroidManifest.xml:153:13-56
	android:name
		ADDED from src\main\AndroidManifest.xml:151:13-76
activity#com.ings.gogo.activity.EditPlaceActivity
ADDED from src\main\AndroidManifest.xml:155:9-158:20
	android:label
		ADDED from src\main\AndroidManifest.xml:157:13-45
	android:name
		ADDED from src\main\AndroidManifest.xml:156:13-68
activity#com.ings.gogo.activity.MoreMsgActvity
ADDED from src\main\AndroidManifest.xml:159:9-162:20
	android:label
		ADDED from src\main\AndroidManifest.xml:161:13-45
	android:name
		ADDED from src\main\AndroidManifest.xml:160:13-65
activity#com.ings.gogo.activity.PersonalExitActivity
ADDED from src\main\AndroidManifest.xml:163:9-166:20
	android:label
		ADDED from src\main\AndroidManifest.xml:165:13-45
	android:name
		ADDED from src\main\AndroidManifest.xml:164:13-71
activity#com.ings.gogo.activity.NewShopCarActivity
ADDED from src\main\AndroidManifest.xml:167:9-170:20
	android:label
		ADDED from src\main\AndroidManifest.xml:169:13-45
	android:name
		ADDED from src\main\AndroidManifest.xml:168:13-69
activity#com.ings.gogo.activity.BuyOkActivity
ADDED from src\main\AndroidManifest.xml:171:9-174:20
	android:label
		ADDED from src\main\AndroidManifest.xml:173:13-45
	android:name
		ADDED from src\main\AndroidManifest.xml:172:13-64
activity#com.ings.gogo.activity.MyOrderPayActivity
ADDED from src\main\AndroidManifest.xml:175:9-178:20
	android:label
		ADDED from src\main\AndroidManifest.xml:177:13-45
	android:name
		ADDED from src\main\AndroidManifest.xml:176:13-69
activity#com.ings.gogo.activity.CheckMyOrderActivity
ADDED from src\main\AndroidManifest.xml:179:9-182:20
	android:label
		ADDED from src\main\AndroidManifest.xml:181:13-45
	android:name
		ADDED from src\main\AndroidManifest.xml:180:13-71
activity#com.ings.gogo.activity.CheckWaitPayActivity
ADDED from src\main\AndroidManifest.xml:183:9-186:20
	android:label
		ADDED from src\main\AndroidManifest.xml:185:13-45
	android:name
		ADDED from src\main\AndroidManifest.xml:184:13-71
activity#com.ings.gogo.activity.CheckWaitGoActivity
ADDED from src\main\AndroidManifest.xml:187:9-190:20
	android:label
		ADDED from src\main\AndroidManifest.xml:189:13-45
	android:name
		ADDED from src\main\AndroidManifest.xml:188:13-70
activity#com.ings.gogo.activity.CheckHadGoActivity
ADDED from src\main\AndroidManifest.xml:191:9-194:20
	android:label
		ADDED from src\main\AndroidManifest.xml:193:13-45
	android:name
		ADDED from src\main\AndroidManifest.xml:192:13-69
activity#com.ings.gogo.activity.CheckWaitMarkActivity
ADDED from src\main\AndroidManifest.xml:195:9-198:20
	android:label
		ADDED from src\main\AndroidManifest.xml:197:13-45
	android:name
		ADDED from src\main\AndroidManifest.xml:196:13-72
activity#com.ings.gogo.activity.CheckOrderDetailActivity
ADDED from src\main\AndroidManifest.xml:199:9-202:20
	android:label
		ADDED from src\main\AndroidManifest.xml:201:13-45
	android:name
		ADDED from src\main\AndroidManifest.xml:200:13-75
activity#com.ings.gogo.activity.ScoreDetaiActivity
ADDED from src\main\AndroidManifest.xml:203:9-206:20
	android:label
		ADDED from src\main\AndroidManifest.xml:205:13-45
	android:name
		ADDED from src\main\AndroidManifest.xml:204:13-69
activity#com.ings.gogo.activity.TryDetailFastFoodsActivity
ADDED from src\main\AndroidManifest.xml:207:9-210:20
	android:label
		ADDED from src\main\AndroidManifest.xml:209:13-45
	android:name
		ADDED from src\main\AndroidManifest.xml:208:13-77
activity#com.ings.gogo.activity.PersonOrderPayActivity
ADDED from src\main\AndroidManifest.xml:211:9-214:20
	android:label
		ADDED from src\main\AndroidManifest.xml:213:13-45
	android:name
		ADDED from src\main\AndroidManifest.xml:212:13-73
activity#com.ings.gogo.activity.SelectPayWayActivity
ADDED from src\main\AndroidManifest.xml:215:9-218:20
	android:label
		ADDED from src\main\AndroidManifest.xml:217:13-45
	android:name
		ADDED from src\main\AndroidManifest.xml:216:13-71
activity#com.ings.gogo.activity.CheckUpdateActivity
ADDED from src\main\AndroidManifest.xml:219:9-222:20
	android:label
		ADDED from src\main\AndroidManifest.xml:221:13-45
	android:name
		ADDED from src\main\AndroidManifest.xml:220:13-70
activity#com.ings.gogo.activity.MyOrderOtherActivity
ADDED from src\main\AndroidManifest.xml:223:9-226:20
	android:label
		ADDED from src\main\AndroidManifest.xml:225:13-45
	android:name
		ADDED from src\main\AndroidManifest.xml:224:13-71
activity#com.ings.gogo.activity.LoginByCodeActivity
ADDED from src\main\AndroidManifest.xml:227:9-230:20
	android:label
		ADDED from src\main\AndroidManifest.xml:229:13-45
	android:name
		ADDED from src\main\AndroidManifest.xml:228:13-70
activity#com.ings.gogo.activity.CheckNewOrderActivity
ADDED from src\main\AndroidManifest.xml:231:9-234:20
	android:label
		ADDED from src\main\AndroidManifest.xml:233:13-45
	android:name
		ADDED from src\main\AndroidManifest.xml:232:13-72